执行日期：20160324174944

执行日期：20160324174944
TRADE_SUCCESS
执行日期：20160324174953

执行日期：20160324174953
TRADE_SUCCESS
执行日期：20160324175340

执行日期：20160324175340
TRADE_SUCCESS
执行日期：20160325112654

执行日期：20160325112654
TRADE_SUCCESS
执行日期：20160325112655

执行日期：20160325112655
TRADE_SUCCESS
执行日期：20160325112909

执行日期：20160325112909
TRADE_SUCCESS
执行日期：20160325112934

执行日期：20160325112934
TRADE_SUCCESS
执行日期：20160325113043

执行日期：20160325113043
TRADE_SUCCESS
执行日期：20160325113314

执行日期：20160325113314
TRADE_SUCCESS
执行日期：20160325113317

执行日期：20160325113317
TRADE_SUCCESS
执行日期：20160325113702

执行日期：20160325113702
TRADE_SUCCESS
执行日期：20160325114142

执行日期：20160325114142
TRADE_SUCCESS
执行日期：20160325114144

执行日期：20160325114144
TRADE_SUCCESS
执行日期：20160325114540

执行日期：20160325114540
TRADE_SUCCESS
执行日期：20160325115120

执行日期：20160325115120
TRADE_SUCCESS
执行日期：20160325115122

执行日期：20160325115122
TRADE_SUCCESS
执行日期：20160325115147

执行日期：20160325115147
TRADE_SUCCESS
执行日期：20160325115218

执行日期：20160325115218
TRADE_SUCCESS
执行日期：20160325115547

执行日期：20160325115547
TRADE_SUCCESS
执行日期：20160325143429

执行日期：20160325143429
TRADE_SUCCESS
执行日期：20160325143431

执行日期：20160325143431
TRADE_SUCCESS
执行日期：20160325143505

执行日期：20160325143505
TRADE_SUCCESS
执行日期：20160325143801

执行日期：20160325143801
TRADE_SUCCESS
执行日期：20160325144550

执行日期：20160325144550
TRADE_SUCCESS
执行日期：20160325144552

执行日期：20160325144552
TRADE_SUCCESS
执行日期：20160325144556

执行日期：20160325144556
TRADE_SUCCESS
执行日期：20160325144916

执行日期：20160325144916
TRADE_SUCCESS
执行日期：20160401102406
sign_inconsistent
执行日期：20160401102448
sign_inconsistent
执行日期：20160401102546
sign_inconsistent
执行日期：20160401102615
sign_inconsistent
执行日期：20160401102902
sign_inconsistent
执行日期：20160401102924
sign_inconsistent
执行日期：20160401103054
sign_inconsistent
执行日期：20160401103231
TRADE_SUCCESS
执行日期：20160401103453
TRADE_SUCCESS
执行日期：20160401103915
TRADE_SUCCESS
执行日期：20160401104139
TRADE_SUCCESS
执行日期：20160401104458
TRADE_SUCCESS
执行日期：20160401104538
test
执行日期：20160401104545
test
执行日期：20160401104710
TRADE_SUCCESS
执行日期：20160401104732
TRADE_SUCCESS
执行日期：20160401104831
TRADE_SUCCESS
执行日期：20160401105010
TRADE_SUCCESS
执行日期：20160401105149
0
执行日期：20160401105149
test
执行日期：20160401105229
0
执行日期：20160401105229
test
执行日期：20160401105348
0
执行日期：20160401105348
test
执行日期：20160401105424
0
执行日期：20160401105424
test
执行日期：20160401105507
0
执行日期：20160401105507
test
执行日期：20160401105543
0
执行日期：20160401105543
test
执行日期：20160401105804
0
执行日期：20160401105804
test
执行日期：20160401110006
TRADE_SUCCESS
执行日期：20160401110041
6934587567
执行日期：20160401110041
test
执行日期：20160401110045
TRADE_SUCCESS
执行日期：20160401110227
TRADE_SUCCESS
执行日期：20160401110329
test
执行日期：20160401110329
null
执行日期：20160401110334
test
执行日期：20160401110334
null
执行日期：20160401110434
test
执行日期：20160401110434
null
执行日期：20160401110444
test
执行日期：20160401110444
null
执行日期：20160401110504
test
执行日期：20160401110504
0
执行日期：20160401110504
select * from ecm_order where out_trade_sn = '2874813122' and buyer_id = '0'
执行日期：20160401110538
test
执行日期：20160401110538
0
执行日期：20160401110538
select * from ecm_order where out_trade_sn = '5285192428' and buyer_id = '0'
执行日期：20160401110559
TRADE_SUCCESS
执行日期：20160401110559
279
执行日期：20160401110601
TRADE_SUCCESS
执行日期：20160401110633
TRADE_SUCCESS
执行日期：20160401110633
278
执行日期：20160401110809
TRADE_SUCCESS
执行日期：20160401110809
272
执行日期：20160401111042
TRADE_SUCCESS
执行日期：20160401111042
Array
执行日期：20160401111056
TRADE_SUCCESS
执行日期：20160401111150
TRADE_SUCCESS
执行日期：20160401111150
Array
执行日期：20160401111228
TRADE_SUCCESS
执行日期：20160401111228
Array
执行日期：20160401111303
TRADE_SUCCESS
执行日期：20160401111303
{"target":40}
执行日期：20160401111424
TRADE_SUCCESS
执行日期：20160401111424
{"target":40}
执行日期：20160401111448
TRADE_SUCCESS
执行日期：20160401111448
275
执行日期：20160401111516
TRADE_SUCCESS
执行日期：20160401111526
TRADE_SUCCESS
执行日期：20160401111526
276
执行日期：20160401111616
TRADE_SUCCESS
执行日期：20160401111616
282
执行日期：20160401111959
TRADE_SUCCESS
执行日期：20160401111959
{"_name":"normal","_errors":[],"_errnum":0}
执行日期：20160401112140
TRADE_SUCCESS
执行日期：20160401112202
TRADE_SUCCESS
执行日期：20160401112314
TRADE_SUCCESS
执行日期：20160401112334
TRADE_SUCCESS
执行日期：20160401112334
test
执行日期：20160401112415
TRADE_SUCCESS
执行日期：20160401112434
TRADE_SUCCESS
执行日期：20160401112434
40
执行日期：20160401112442
TRADE_SUCCESS
执行日期：20160401112909
TRADE_SUCCESS
执行日期：20160401112918
TRADE_SUCCESS
执行日期：20160401113009
TRADE_SUCCESS
执行日期：20160401113009
20
执行日期：20160401113018
TRADE_SUCCESS
执行日期：20160401113437
TRADE_SUCCESS
执行日期：20160401113437
test
执行日期：20160401113446
TRADE_SUCCESS
执行日期：20160401113619
else
执行日期：20160401113628
else
执行日期：20160429083811
wechatpay
执行日期：20160429083939
alipay
执行日期：20160429083939
credit
执行日期：20160429084023
alipay
执行日期：20160429084023
credit
执行日期：20160429084032
alipay
执行日期：20160429084032
credit
执行日期：20160503092155
20
执行日期：20160503092155
20
执行日期：20160503092205
20
执行日期：20160503092205
20
执行日期：20160503092217
20
执行日期：20160503092217
20
执行日期：20160503092347
1462209827
执行日期：20160503092347
1462209827
执行日期：20160503092347
1462209827
执行日期：20160503092347
1462209827
执行日期：20160503092452
865
执行日期：20160503092452
866
执行日期：20160503092536
861
执行日期：20160503092536
862
执行日期：20160503092625
accepted
执行日期：20160503092625
accepted
执行日期：20160503092704
accepted
执行日期：20160503092704
accepted
执行日期：20160503092838
accepted
执行日期：20160503092838
accepted
执行日期：20160503093025
UPDATE ecm_goods_spec SET stock=stock - 1 WHERE spec_id = 183
执行日期：20160503093025
UPDATE ecm_goods_spec SET stock=stock - 1 WHERE spec_id = 171
执行日期：20160503093025
UPDATE ecm_goods_statistics SET orders=orders+1 WHERE goods_id  IN ('174','162') 
执行日期：20160503093025
UPDATE ecm_order SET status='20',pay_time='1462210225' WHERE order_id = 867 AND status=11
执行日期：20160503093025
UPDATE ecm_order SET status='20',pay_time='1462210225' WHERE order_id = 868 AND status=11
执行日期：20160503093025
UPDATE ecm_mail_queue SET err_num = err_num + 1, lock_expiry = 1462210255 WHERE queue_id  IN ('1589','1590','1591','1592','1593') 
执行日期：20160503093043
UPDATE ecm_order SET status='20',pay_time='1462210243' WHERE order_id = 869 AND status=11
执行日期：20160503093043
UPDATE ecm_order SET status='20',pay_time='1462210243' WHERE order_id = 870 AND status=11
执行日期：20160503093043
UPDATE ecm_mail_queue SET err_num = err_num + 1, lock_expiry = 1462210273 WHERE queue_id  IN ('1594','1595','1587','1588','1585') 
执行日期：20160503093215
UPDATE ecm_order SET status='20',pay_time='1462210335' WHERE order_id = 859 AND status=11
执行日期：20160503093215
UPDATE ecm_order SET status='20',pay_time='1462210335' WHERE order_id = 860 AND status=11
执行日期：20160503093215
UPDATE ecm_mail_queue SET err_num = err_num + 1, lock_expiry = 1462210365 WHERE queue_id  IN ('1596','1597','1594','1595','1589') 
执行日期：20160503093222
UPDATE ecm_order SET status='20',pay_time='1462210342' WHERE order_id = 857 AND status=11
执行日期：20160503093222
UPDATE ecm_order SET status='20',pay_time='1462210342' WHERE order_id = 858 AND status=11
执行日期：20160503093222
UPDATE ecm_mail_queue SET err_num = err_num + 1, lock_expiry = 1462210372 WHERE queue_id  IN ('1598','1599','1590','1591','1592') 
执行日期：20160503093422
UPDATE ecm_order SET status='20',pay_time='1462210462' WHERE order_id = 869 AND status=11
执行日期：20160503093422
UPDATE ecm_order SET status='20',pay_time='1462210462' WHERE order_id = 870 AND status=11
执行日期：20160503093422
UPDATE ecm_mail_queue SET err_num = err_num + 1, lock_expiry = 1462210492 WHERE queue_id  IN ('1600','1601','1598','1599','1596') 
执行日期：20160503093504
UPDATE ecm_goods_spec SET stock=stock - 1 WHERE spec_id = 183
执行日期：20160503093504
UPDATE ecm_goods_spec SET stock=stock - 1 WHERE spec_id = 171
执行日期：20160503093505
UPDATE ecm_goods_statistics SET orders=orders+1 WHERE goods_id  IN ('174','162') 
执行日期：20160503093512
UPDATE ecm_order SET status='20',pay_time='1462210512' WHERE order_id = 871 AND status=11
执行日期：20160503093512
UPDATE ecm_order SET status='20',pay_time='1462210512' WHERE order_id = 872 AND status=11
执行日期：20160503093512
UPDATE ecm_mail_queue SET err_num = err_num + 1, lock_expiry = 1462210542 WHERE queue_id  IN ('1605','1606','1602','1603','1604') 
执行日期：20160503093522
UPDATE ecm_order SET status='20',pay_time='1462210522' WHERE order_id = 861 AND status=11
执行日期：20160503093522
UPDATE ecm_order SET status='20',pay_time='1462210522' WHERE order_id = 862 AND status=11
执行日期：20160503093522
UPDATE ecm_mail_queue SET err_num = err_num + 1, lock_expiry = 1462210552 WHERE queue_id  IN ('1608','1607','1600','1601','1598') 
执行日期：20160601083359
sign_inconsistent
